<?xml version="1.0" encoding="UTF-8"?>
<testsuite name="visitorTest" tests="1" skipped="0" failures="0" errors="0" timestamp="2020-01-16T11:31:53" hostname="Area51s-MacBook-Pro.local" time="0.016">
  <properties/>
  <testcase name="save()" classname="visitorTest" time="0.016"/>
  <system-out><![CDATA[]]></system-out>
  <system-err><![CDATA[]]></system-err>
</testsuite>
